1551997112383	mozrunner::runner	INFO	Running command: "/Applications/Firefox.app/Contents/MacOS/firefox-bin" "-marionette" "-foreground" "-no-remote" "-profile" "/var/folders/rk/fdvrfkrd067829bsb9xtd9sd29sqg1/T/rust_mozprofile.pd8GoyPQ1L3f"
1551997113467	addons.webextension.screenshots@mozilla.org	WARN	Loading extension 'screenshots@mozilla.org': Reading manifest: Invalid host permission: resource://pdf.js/
1551997113467	addons.webextension.screenshots@mozilla.org	WARN	Loading extension 'screenshots@mozilla.org': Reading manifest: Invalid host permission: about:reader*
Can't find symbol 'GetGraphicsResetStatus'.
1551997115492	Marionette	INFO	Listening on port 64616
1551997115502	Marionette	WARN	TLS certificate errors will be ignored for this session
1551997134963	mozrunner::runner	INFO	Running command: "/Applications/Firefox.app/Contents/MacOS/firefox-bin" "-marionette" "-foreground" "-no-remote" "-profile" "/var/folders/rk/fdvrfkrd067829bsb9xtd9sd29sqg1/T/rust_mozprofile.FIZPjSWPqXan"
1551997135646	addons.webextension.screenshots@mozilla.org	WARN	Loading extension 'screenshots@mozilla.org': Reading manifest: Invalid host permission: resource://pdf.js/
1551997135646	addons.webextension.screenshots@mozilla.org	WARN	Loading extension 'screenshots@mozilla.org': Reading manifest: Invalid host permission: about:reader*
Can't find symbol 'GetGraphicsResetStatus'.
1551997137506	Marionette	INFO	Listening on port 64674
1551997137551	Marionette	WARN	TLS certificate errors will be ignored for this session
1551997167936	mozrunner::runner	INFO	Running command: "/Applications/Firefox.app/Contents/MacOS/firefox-bin" "-marionette" "-foreground" "-no-remote" "-profile" "/var/folders/rk/fdvrfkrd067829bsb9xtd9sd29sqg1/T/rust_mozprofile.8ShshhD851NH"
1551997168645	addons.webextension.screenshots@mozilla.org	WARN	Loading extension 'screenshots@mozilla.org': Reading manifest: Invalid host permission: resource://pdf.js/
1551997168645	addons.webextension.screenshots@mozilla.org	WARN	Loading extension 'screenshots@mozilla.org': Reading manifest: Invalid host permission: about:reader*
Can't find symbol 'GetGraphicsResetStatus'.
1551997170618	Marionette	INFO	Listening on port 64728
1551997170720	Marionette	WARN	TLS certificate errors will be ignored for this session
1551997230837	mozrunner::runner	INFO	Running command: "/Applications/Firefox.app/Contents/MacOS/firefox-bin" "-marionette" "-foreground" "-no-remote" "-profile" "/var/folders/rk/fdvrfkrd067829bsb9xtd9sd29sqg1/T/rust_mozprofile.KSsSXXOeEV2u"
1551997231470	addons.webextension.screenshots@mozilla.org	WARN	Loading extension 'screenshots@mozilla.org': Reading manifest: Invalid host permission: resource://pdf.js/
1551997231470	addons.webextension.screenshots@mozilla.org	WARN	Loading extension 'screenshots@mozilla.org': Reading manifest: Invalid host permission: about:reader*
Can't find symbol 'GetGraphicsResetStatus'.
1551997233317	Marionette	INFO	Listening on port 64784
1551997233409	Marionette	WARN	TLS certificate errors will be ignored for this session
1551997327408	mozrunner::runner	INFO	Running command: "/Applications/Firefox.app/Contents/MacOS/firefox-bin" "-marionette" "-foreground" "-no-remote" "-profile" "/var/folders/rk/fdvrfkrd067829bsb9xtd9sd29sqg1/T/rust_mozprofile.fSmKxM81oN1m"
1551997328498	addons.webextension.screenshots@mozilla.org	WARN	Loading extension 'screenshots@mozilla.org': Reading manifest: Invalid host permission: resource://pdf.js/
1551997328498	addons.webextension.screenshots@mozilla.org	WARN	Loading extension 'screenshots@mozilla.org': Reading manifest: Invalid host permission: about:reader*
Can't find symbol 'GetGraphicsResetStatus'.
1551997331194	Marionette	INFO	Listening on port 64837
1551997331234	Marionette	WARN	TLS certificate errors will be ignored for this session
console.error: BroadcastService: 
  receivedBroadcastMessage: handler for
  remote-settings/monitor_changes
  threw error:
  Message: Error: Polling for changes failed: NetworkError when attempting to fetch resource..
  Stack:
    remoteSettingsFunction/remoteSettings.pollChanges@resource://services-settings/remote-settings.js:188:13

1551997364515	mozrunner::runner	INFO	Running command: "/Applications/Firefox.app/Contents/MacOS/firefox-bin" "-marionette" "-foreground" "-no-remote" "-profile" "/var/folders/rk/fdvrfkrd067829bsb9xtd9sd29sqg1/T/rust_mozprofile.hScSIpRyz2qH"
1551997365522	addons.webextension.screenshots@mozilla.org	WARN	Loading extension 'screenshots@mozilla.org': Reading manifest: Invalid host permission: resource://pdf.js/
1551997365522	addons.webextension.screenshots@mozilla.org	WARN	Loading extension 'screenshots@mozilla.org': Reading manifest: Invalid host permission: about:reader*
Can't find symbol 'GetGraphicsResetStatus'.
1551997368664	Marionette	INFO	Listening on port 64899
1551997368777	Marionette	WARN	TLS certificate errors will be ignored for this session
1551997424738	mozrunner::runner	INFO	Running command: "/Applications/Firefox.app/Contents/MacOS/firefox-bin" "-marionette" "-foreground" "-no-remote" "-profile" "/var/folders/rk/fdvrfkrd067829bsb9xtd9sd29sqg1/T/rust_mozprofile.aGYlGk6VoasQ"
1551997425396	addons.webextension.screenshots@mozilla.org	WARN	Loading extension 'screenshots@mozilla.org': Reading manifest: Invalid host permission: resource://pdf.js/
1551997425396	addons.webextension.screenshots@mozilla.org	WARN	Loading extension 'screenshots@mozilla.org': Reading manifest: Invalid host permission: about:reader*
Can't find symbol 'GetGraphicsResetStatus'.
1551997427302	Marionette	INFO	Listening on port 65021
1551997427340	Marionette	WARN	TLS certificate errors will be ignored for this session
1551997427422	Marionette	INFO	Stopped listening on port 65021
JavaScript error: resource://gre/modules/Sqlite.jsm, line 841: Error: Connection is not open.
1551997535808	mozrunner::runner	INFO	Running command: "/Applications/Firefox.app/Contents/MacOS/firefox-bin" "-marionette" "-foreground" "-no-remote" "-profile" "/var/folders/rk/fdvrfkrd067829bsb9xtd9sd29sqg1/T/rust_mozprofile.0ftFpjCojRID"
1551997536439	addons.webextension.screenshots@mozilla.org	WARN	Loading extension 'screenshots@mozilla.org': Reading manifest: Invalid host permission: resource://pdf.js/
1551997536439	addons.webextension.screenshots@mozilla.org	WARN	Loading extension 'screenshots@mozilla.org': Reading manifest: Invalid host permission: about:reader*
Can't find symbol 'GetGraphicsResetStatus'.
1551997538298	Marionette	INFO	Listening on port 65097
1551997538306	Marionette	WARN	TLS certificate errors will be ignored for this session
1551997554221	mozrunner::runner	INFO	Running command: "/Applications/Firefox.app/Contents/MacOS/firefox-bin" "-marionette" "-foreground" "-no-remote" "-profile" "/var/folders/rk/fdvrfkrd067829bsb9xtd9sd29sqg1/T/rust_mozprofile.B09gh5R1F6Xz"
1551997554862	addons.webextension.screenshots@mozilla.org	WARN	Loading extension 'screenshots@mozilla.org': Reading manifest: Invalid host permission: resource://pdf.js/
1551997554862	addons.webextension.screenshots@mozilla.org	WARN	Loading extension 'screenshots@mozilla.org': Reading manifest: Invalid host permission: about:reader*
Can't find symbol 'GetGraphicsResetStatus'.
1551997556804	Marionette	INFO	Listening on port 65149
1551997556855	Marionette	WARN	TLS certificate errors will be ignored for this session
1551997557001	Marionette	INFO	Stopped listening on port 65149
1551997589170	mozrunner::runner	INFO	Running command: "/Applications/Firefox.app/Contents/MacOS/firefox-bin" "-marionette" "-foreground" "-no-remote" "-profile" "/var/folders/rk/fdvrfkrd067829bsb9xtd9sd29sqg1/T/rust_mozprofile.N7xfkSkw2lyP"
1551997589871	addons.webextension.screenshots@mozilla.org	WARN	Loading extension 'screenshots@mozilla.org': Reading manifest: Invalid host permission: resource://pdf.js/
1551997589871	addons.webextension.screenshots@mozilla.org	WARN	Loading extension 'screenshots@mozilla.org': Reading manifest: Invalid host permission: about:reader*
Can't find symbol 'GetGraphicsResetStatus'.
1551997591818	Marionette	INFO	Listening on port 65193
1551997591882	Marionette	WARN	TLS certificate errors will be ignored for this session
1551997591985	Marionette	INFO	Stopped listening on port 65193
1551997602598	mozrunner::runner	INFO	Running command: "/Applications/Firefox.app/Contents/MacOS/firefox-bin" "-marionette" "-foreground" "-no-remote" "-profile" "/var/folders/rk/fdvrfkrd067829bsb9xtd9sd29sqg1/T/rust_mozprofile.dAedtYrA2H9G"
1551997603354	addons.webextension.screenshots@mozilla.org	WARN	Loading extension 'screenshots@mozilla.org': Reading manifest: Invalid host permission: resource://pdf.js/
1551997603354	addons.webextension.screenshots@mozilla.org	WARN	Loading extension 'screenshots@mozilla.org': Reading manifest: Invalid host permission: about:reader*
Can't find symbol 'GetGraphicsResetStatus'.
1551997605328	Marionette	INFO	Listening on port 65237
1551997605389	Marionette	WARN	TLS certificate errors will be ignored for this session
1551997606512	Marionette	INFO	Stopped listening on port 65237
1551997662976	mozrunner::runner	INFO	Running command: "/Applications/Firefox.app/Contents/MacOS/firefox-bin" "-marionette" "-foreground" "-no-remote" "-profile" "/var/folders/rk/fdvrfkrd067829bsb9xtd9sd29sqg1/T/rust_mozprofile.ItaQDqEtcngm"
1551997663661	addons.webextension.screenshots@mozilla.org	WARN	Loading extension 'screenshots@mozilla.org': Reading manifest: Invalid host permission: resource://pdf.js/
1551997663661	addons.webextension.screenshots@mozilla.org	WARN	Loading extension 'screenshots@mozilla.org': Reading manifest: Invalid host permission: about:reader*
Can't find symbol 'GetGraphicsResetStatus'.
1551997665559	Marionette	INFO	Listening on port 65289
1551997665670	Marionette	WARN	TLS certificate errors will be ignored for this session
JavaScript error: resource:///modules/ContentMetaHandler.jsm, line 156: NS_ERROR_ILLEGAL_VALUE: 
1551997777768	mozrunner::runner	INFO	Running command: "/Applications/Firefox.app/Contents/MacOS/firefox-bin" "-marionette" "-foreground" "-no-remote" "-profile" "/var/folders/rk/fdvrfkrd067829bsb9xtd9sd29sqg1/T/rust_mozprofile.L8KfN1S2DV5S"
1551997778431	addons.webextension.screenshots@mozilla.org	WARN	Loading extension 'screenshots@mozilla.org': Reading manifest: Invalid host permission: resource://pdf.js/
1551997778431	addons.webextension.screenshots@mozilla.org	WARN	Loading extension 'screenshots@mozilla.org': Reading manifest: Invalid host permission: about:reader*
Can't find symbol 'GetGraphicsResetStatus'.
1551997780244	Marionette	INFO	Listening on port 65355
1551997780261	Marionette	WARN	TLS certificate errors will be ignored for this session
1551997780372	Marionette	INFO	Stopped listening on port 65355
1551997819205	mozrunner::runner	INFO	Running command: "/Applications/Firefox.app/Contents/MacOS/firefox-bin" "-marionette" "-foreground" "-no-remote" "-profile" "/var/folders/rk/fdvrfkrd067829bsb9xtd9sd29sqg1/T/rust_mozprofile.ijK9OgkNFMAo"
1551997819844	addons.webextension.screenshots@mozilla.org	WARN	Loading extension 'screenshots@mozilla.org': Reading manifest: Invalid host permission: resource://pdf.js/
1551997819845	addons.webextension.screenshots@mozilla.org	WARN	Loading extension 'screenshots@mozilla.org': Reading manifest: Invalid host permission: about:reader*
Can't find symbol 'GetGraphicsResetStatus'.
1551997821835	Marionette	INFO	Listening on port 65397
1551997821898	Marionette	WARN	TLS certificate errors will be ignored for this session
JavaScript error: resource://gre/modules/WebProgressChild.jsm, line 58: TypeError: this.mm.content is null
1551997823331	Marionette	INFO	Stopped listening on port 65397
JavaScript error: https://static.adsafeprotected.com/sca.17.4.95.js, line 33: TypeError: The ReadableStream reader was released.
1551997960290	mozrunner::runner	INFO	Running command: "/Applications/Firefox.app/Contents/MacOS/firefox-bin" "-marionette" "-foreground" "-no-remote" "-profile" "/var/folders/rk/fdvrfkrd067829bsb9xtd9sd29sqg1/T/rust_mozprofile.4z95gdgnvOgr"
1551997960936	addons.webextension.screenshots@mozilla.org	WARN	Loading extension 'screenshots@mozilla.org': Reading manifest: Invalid host permission: resource://pdf.js/
1551997960936	addons.webextension.screenshots@mozilla.org	WARN	Loading extension 'screenshots@mozilla.org': Reading manifest: Invalid host permission: about:reader*
Can't find symbol 'GetGraphicsResetStatus'.
1551997962898	Marionette	INFO	Listening on port 65534
1551997963016	Marionette	WARN	TLS certificate errors will be ignored for this session
JavaScript error: resource://gre/modules/WebProgressChild.jsm, line 58: TypeError: this.mm.content is null
JavaScript error: resource:///modules/ContentMetaHandler.jsm, line 156: NS_ERROR_ILLEGAL_VALUE: 
console.error: BroadcastService: 
  receivedBroadcastMessage: handler for
  remote-settings/monitor_changes
  threw error:
  Message: Error: Polling for changes failed: NetworkError when attempting to fetch resource..
  Stack:
    remoteSettingsFunction/remoteSettings.pollChanges@resource://services-settings/remote-settings.js:188:13

console.error: BroadcastService: 
  receivedBroadcastMessage: handler for
  remote-settings/monitor_changes
  threw error:
  Message: Error: Polling for changes failed: NetworkError when attempting to fetch resource..
  Stack:
    remoteSettingsFunction/remoteSettings.pollChanges@resource://services-settings/remote-settings.js:188:13

console.error: BroadcastService: 
  receivedBroadcastMessage: handler for
  remote-settings/monitor_changes
  threw error:
  Message: Error: Polling for changes failed: NetworkError when attempting to fetch resource..
  Stack:
    remoteSettingsFunction/remoteSettings.pollChanges@resource://services-settings/remote-settings.js:188:13

console.error: BroadcastService: 
  receivedBroadcastMessage: handler for
  remote-settings/monitor_changes
  threw error:
  Message: Error: Polling for changes failed: NetworkError when attempting to fetch resource..
  Stack:
    remoteSettingsFunction/remoteSettings.pollChanges@resource://services-settings/remote-settings.js:188:13

console.error: BroadcastService: 
  receivedBroadcastMessage: handler for
  remote-settings/monitor_changes
  threw error:
  Message: Error: Polling for changes failed: NetworkError when attempting to fetch resource..
  Stack:
    remoteSettingsFunction/remoteSettings.pollChanges@resource://services-settings/remote-settings.js:188:13

console.error: BroadcastService: 
  receivedBroadcastMessage: handler for
  remote-settings/monitor_changes
  threw error:
  Message: Error: Polling for changes failed: NetworkError when attempting to fetch resource..
  Stack:
    remoteSettingsFunction/remoteSettings.pollChanges@resource://services-settings/remote-settings.js:188:13

console.error: BroadcastService: 
  receivedBroadcastMessage: handler for
  remote-settings/monitor_changes
  threw error:
  Message: Error: Polling for changes failed: NetworkError when attempting to fetch resource..
  Stack:
    remoteSettingsFunction/remoteSettings.pollChanges@resource://services-settings/remote-settings.js:188:13

console.error: BroadcastService: 
  receivedBroadcastMessage: handler for
  remote-settings/monitor_changes
  threw error:
  Message: Error: Polling for changes failed: NetworkError when attempting to fetch resource..
  Stack:
    remoteSettingsFunction/remoteSettings.pollChanges@resource://services-settings/remote-settings.js:188:13

1551998042777	mozrunner::runner	INFO	Running command: "/Applications/Firefox.app/Contents/MacOS/firefox-bin" "-marionette" "-foreground" "-no-remote" "-profile" "/var/folders/rk/fdvrfkrd067829bsb9xtd9sd29sqg1/T/rust_mozprofile.0hx5da6j1bQp"
1551998043440	addons.webextension.screenshots@mozilla.org	WARN	Loading extension 'screenshots@mozilla.org': Reading manifest: Invalid host permission: resource://pdf.js/
1551998043440	addons.webextension.screenshots@mozilla.org	WARN	Loading extension 'screenshots@mozilla.org': Reading manifest: Invalid host permission: about:reader*
Can't find symbol 'GetGraphicsResetStatus'.
1551998045335	Marionette	INFO	Listening on port 49230
1551998045395	Marionette	WARN	TLS certificate errors will be ignored for this session
1551998081950	Marionette	INFO	Stopped listening on port 49230

###!!! [Child][RunMessage] Error: Channel closing: too late to send/recv, messages will be lost

1551998365047	mozrunner::runner	INFO	Running command: "/Applications/Firefox.app/Contents/MacOS/firefox-bin" "-marionette" "-foreground" "-no-remote" "-profile" "/var/folders/rk/fdvrfkrd067829bsb9xtd9sd29sqg1/T/rust_mozprofile.Pq6ZnNrKBWO3"
1551998365775	addons.webextension.screenshots@mozilla.org	WARN	Loading extension 'screenshots@mozilla.org': Reading manifest: Invalid host permission: resource://pdf.js/
1551998365775	addons.webextension.screenshots@mozilla.org	WARN	Loading extension 'screenshots@mozilla.org': Reading manifest: Invalid host permission: about:reader*
Can't find symbol 'GetGraphicsResetStatus'.
1551998367627	Marionette	INFO	Listening on port 49320
1551998367666	Marionette	WARN	TLS certificate errors will be ignored for this session
JavaScript error: https://cgs-dev.stanfordmed.org/static/JS/jquery-2.2.4.min.js line 2 > eval, line 1: TypeError: w.init is undefined
console.error: BroadcastService: 
  receivedBroadcastMessage: handler for
  remote-settings/monitor_changes
  threw error:
  Message: Error: Polling for changes failed: NetworkError when attempting to fetch resource..
  Stack:
    remoteSettingsFunction/remoteSettings.pollChanges@resource://services-settings/remote-settings.js:188:13

1551998957325	Marionette	INFO	Stopped listening on port 49320
1552001942894	Marionette	INFO	Stopped listening on port 64616
1552001945582	Marionette	INFO	Stopped listening on port 64674
1552001950857	Marionette	INFO	Stopped listening on port 64728
1552001953680	Marionette	INFO	Stopped listening on port 64784

###!!! [Parent][RunMessage] Error: Channel closing: too late to send/recv, messages will be lost

1552001962455	Marionette	INFO	Stopped listening on port 65534
1552001966285	Marionette	INFO	Stopped listening on port 65289
1552001968563	Marionette	INFO	Stopped listening on port 65097
1552001971691	Marionette	INFO	Stopped listening on port 64837
1552001974522	Marionette	INFO	Stopped listening on port 64899
