[2017-04-25 10:55:02,148: INFO/MainProcess] Connected to amqp://guest:**@127.0.0.1:5672//
[2017-04-25 10:55:02,164: INFO/MainProcess] mingle: searching for neighbors
[2017-04-25 10:55:03,193: INFO/MainProcess] mingle: all alone
[2017-04-25 10:55:03,213: INFO/MainProcess] w1@Lap11496m ready.
[2017-04-25 10:56:04,200: DEBUG/MainProcess] | Worker: Preparing bootsteps.
[2017-04-25 10:56:04,204: DEBUG/MainProcess] | Worker: Building graph...
[2017-04-25 10:56:04,205: DEBUG/MainProcess] | Worker: New boot order: {StateDB, Timer, Hub, Pool, Autoscaler, Beat, Consumer}
[2017-04-25 10:56:04,226: DEBUG/MainProcess] | Consumer: Preparing bootsteps.
[2017-04-25 10:56:04,226: DEBUG/MainProcess] | Consumer: Building graph...
[2017-04-25 10:56:04,239: DEBUG/MainProcess] | Consumer: New boot order: {Connection, Events, Mingle, Gossip, Agent, Heart, Tasks, Control, event loop}
[2017-04-25 10:56:04,261: DEBUG/MainProcess] | Worker: Starting Hub
[2017-04-25 10:56:04,261: DEBUG/MainProcess] ^-- substep ok
[2017-04-25 10:56:04,261: DEBUG/MainProcess] | Worker: Starting Pool
[2017-04-25 10:56:04,347: DEBUG/MainProcess] ^-- substep ok
[2017-04-25 10:56:04,348: DEBUG/MainProcess] | Worker: Starting Consumer
[2017-04-25 10:56:04,348: DEBUG/MainProcess] | Consumer: Starting Connection
[2017-04-25 10:56:04,376: DEBUG/MainProcess] Start from server, version: 0.9, properties: {'information': 'Licensed under the MPL.  See http://www.rabbitmq.com/', 'product': 'RabbitMQ', 'copyright': 'Copyright (C) 2007-2016 Pivotal Software, Inc.', 'capabilities': {'exchange_exchange_bindings': True, 'connection.blocked': True, 'authentication_failure_close': True, 'direct_reply_to': True, 'basic.nack': True, 'per_consumer_qos': True, 'consumer_priorities': True, 'consumer_cancel_notify': True, 'publisher_confirms': True}, 'cluster_name': 'rabbit@Lap11496m', 'platform': 'Erlang/OTP', 'version': '3.6.9'}, mechanisms: [u'PLAIN', u'AMQPLAIN'], locales: [u'en_US']
[2017-04-25 10:56:04,378: INFO/MainProcess] Connected to amqp://guest:**@127.0.0.1:5672//
[2017-04-25 10:56:04,379: DEBUG/MainProcess] ^-- substep ok
[2017-04-25 10:56:04,379: DEBUG/MainProcess] | Consumer: Starting Events
[2017-04-25 10:56:04,394: DEBUG/MainProcess] Start from server, version: 0.9, properties: {'information': 'Licensed under the MPL.  See http://www.rabbitmq.com/', 'product': 'RabbitMQ', 'copyright': 'Copyright (C) 2007-2016 Pivotal Software, Inc.', 'capabilities': {'exchange_exchange_bindings': True, 'connection.blocked': True, 'authentication_failure_close': True, 'direct_reply_to': True, 'basic.nack': True, 'per_consumer_qos': True, 'consumer_priorities': True, 'consumer_cancel_notify': True, 'publisher_confirms': True}, 'cluster_name': 'rabbit@Lap11496m', 'platform': 'Erlang/OTP', 'version': '3.6.9'}, mechanisms: [u'PLAIN', u'AMQPLAIN'], locales: [u'en_US']
[2017-04-25 10:56:04,396: DEBUG/MainProcess] ^-- substep ok
[2017-04-25 10:56:04,396: DEBUG/MainProcess] | Consumer: Starting Mingle
[2017-04-25 10:56:04,397: INFO/MainProcess] mingle: searching for neighbors
[2017-04-25 10:56:04,398: DEBUG/MainProcess] using channel_id: 1
[2017-04-25 10:56:04,399: DEBUG/MainProcess] Channel open
[2017-04-25 10:56:04,421: DEBUG/MainProcess] Start from server, version: 0.9, properties: {'information': 'Licensed under the MPL.  See http://www.rabbitmq.com/', 'product': 'RabbitMQ', 'copyright': 'Copyright (C) 2007-2016 Pivotal Software, Inc.', 'capabilities': {'exchange_exchange_bindings': True, 'connection.blocked': True, 'authentication_failure_close': True, 'direct_reply_to': True, 'basic.nack': True, 'per_consumer_qos': True, 'consumer_priorities': True, 'consumer_cancel_notify': True, 'publisher_confirms': True}, 'cluster_name': 'rabbit@Lap11496m', 'platform': 'Erlang/OTP', 'version': '3.6.9'}, mechanisms: [u'PLAIN', u'AMQPLAIN'], locales: [u'en_US']
[2017-04-25 10:56:04,422: DEBUG/MainProcess] using channel_id: 1
[2017-04-25 10:56:04,424: DEBUG/MainProcess] Channel open
[2017-04-25 10:56:05,431: INFO/MainProcess] mingle: all alone
[2017-04-25 10:56:05,431: DEBUG/MainProcess] ^-- substep ok
[2017-04-25 10:56:05,431: DEBUG/MainProcess] | Consumer: Starting Gossip
[2017-04-25 10:56:05,431: DEBUG/MainProcess] using channel_id: 2
[2017-04-25 10:56:05,432: DEBUG/MainProcess] Channel open
[2017-04-25 10:56:05,436: DEBUG/MainProcess] ^-- substep ok
[2017-04-25 10:56:05,436: DEBUG/MainProcess] | Consumer: Starting Heart
[2017-04-25 10:56:05,437: DEBUG/MainProcess] using channel_id: 1
[2017-04-25 10:56:05,439: DEBUG/MainProcess] Channel open
[2017-04-25 10:56:05,440: DEBUG/MainProcess] ^-- substep ok
[2017-04-25 10:56:05,440: DEBUG/MainProcess] | Consumer: Starting Tasks
[2017-04-25 10:56:05,446: DEBUG/MainProcess] ^-- substep ok
[2017-04-25 10:56:05,446: DEBUG/MainProcess] | Consumer: Starting Control
[2017-04-25 10:56:05,447: DEBUG/MainProcess] using channel_id: 3
[2017-04-25 10:56:05,448: DEBUG/MainProcess] Channel open
[2017-04-25 10:56:05,452: DEBUG/MainProcess] ^-- substep ok
[2017-04-25 10:56:05,452: DEBUG/MainProcess] | Consumer: Starting event loop
[2017-04-25 10:56:05,453: INFO/MainProcess] w1@Lap11496m ready.
[2017-04-25 10:56:05,453: DEBUG/MainProcess] | Worker: Hub.register Pool...
[2017-04-25 10:56:05,454: DEBUG/MainProcess] basic.qos: prefetch_count->16
[2017-04-25 10:56:09,494: DEBUG/MainProcess] | Worker: Closing Hub...
[2017-04-25 10:56:09,495: DEBUG/MainProcess] | Worker: Closing Pool...
[2017-04-25 10:56:09,495: DEBUG/MainProcess] | Worker: Closing Consumer...
[2017-04-25 10:56:09,495: DEBUG/MainProcess] | Worker: Stopping Consumer...
[2017-04-25 10:56:09,495: DEBUG/MainProcess] | Consumer: Closing Connection...
[2017-04-25 10:56:09,495: DEBUG/MainProcess] | Consumer: Closing Events...
[2017-04-25 10:56:09,495: DEBUG/MainProcess] | Consumer: Closing Mingle...
[2017-04-25 10:56:09,495: DEBUG/MainProcess] | Consumer: Closing Gossip...
[2017-04-25 10:56:09,495: DEBUG/MainProcess] | Consumer: Closing Heart...
[2017-04-25 10:56:09,496: DEBUG/MainProcess] | Consumer: Closing Tasks...
[2017-04-25 10:56:09,496: DEBUG/MainProcess] | Consumer: Closing Control...
[2017-04-25 10:56:09,496: DEBUG/MainProcess] | Consumer: Closing event loop...
[2017-04-25 10:56:09,496: DEBUG/MainProcess] | Consumer: Stopping event loop...
[2017-04-25 10:56:09,496: DEBUG/MainProcess] | Consumer: Stopping Control...
[2017-04-25 10:56:09,499: DEBUG/MainProcess] Closed channel #3
[2017-04-25 10:56:09,499: DEBUG/MainProcess] | Consumer: Stopping Tasks...
[2017-04-25 10:56:09,499: DEBUG/MainProcess] Canceling task consumer...
[2017-04-25 10:56:09,500: DEBUG/MainProcess] | Consumer: Stopping Heart...
[2017-04-25 10:56:09,501: DEBUG/MainProcess] | Consumer: Stopping Gossip...
[2017-04-25 10:56:09,504: DEBUG/MainProcess] Closed channel #2
[2017-04-25 10:56:09,505: DEBUG/MainProcess] | Consumer: Stopping Mingle...
[2017-04-25 10:56:09,505: DEBUG/MainProcess] | Consumer: Stopping Events...
[2017-04-25 10:56:09,506: DEBUG/MainProcess] | Consumer: Stopping Connection...
[2017-04-25 10:56:09,506: DEBUG/MainProcess] | Worker: Stopping Pool...
[2017-04-25 10:56:10,511: DEBUG/MainProcess] | Worker: Stopping Hub...
[2017-04-25 10:56:10,511: DEBUG/MainProcess] | Consumer: Shutdown Control...
[2017-04-25 10:56:10,511: DEBUG/MainProcess] | Consumer: Shutdown Tasks...
[2017-04-25 10:56:10,511: DEBUG/MainProcess] Canceling task consumer...
[2017-04-25 10:56:10,511: DEBUG/MainProcess] Closing consumer channel...
[2017-04-25 10:56:10,512: DEBUG/MainProcess] | Consumer: Shutdown Heart...
[2017-04-25 10:56:10,512: DEBUG/MainProcess] | Consumer: Shutdown Gossip...
[2017-04-25 10:56:10,512: DEBUG/MainProcess] | Consumer: Shutdown Events...
[2017-04-25 10:56:10,512: DEBUG/MainProcess] Closed channel #1
[2017-04-25 10:56:10,513: DEBUG/MainProcess] | Consumer: Shutdown Connection...
[2017-04-25 10:56:10,514: DEBUG/MainProcess] Closed channel #1
[2017-04-25 10:56:10,517: DEBUG/MainProcess] removing tasks from inqueue until task handler finished
