ERROR log - Adding 2 + 2
INFO Adding 2 + 2
ERROR log - Adding 2 + 2
INFO Adding 2 + 2
ERROR log - Adding 2 + 2
INFO Adding 2 + 2
ERROR log - Adding 2 + 3
INFO Adding 2 + 3
ERROR  before try ;;
ERROR in try ;;
ERROR  before try ;;
ERROR in try ;;
ERROR  before try ;;
ERROR in try ;;
ERROR  before try ;;
ERROR in try ;;
ERROR  before try ;;
ERROR in try ;;
ERROR  before try ;;
ERROR in try ;;
ERROR  before try ;;
ERROR in try ;;
ERROR  before try ;;
ERROR in try ;;
INFO adding to x
INFO adding to 10000
INFO adding to x
INFO adding to x
INFO adding to x
INFO adding to 10000
INFO adding to x
INFO adding to x
DEBUG adding to x
DEBUG adding to x
DEBUG adding to x
DEBUG adding to x
DEBUG adding to x
DEBUG adding to x
DEBUG adding to x
DEBUG adding to x
DEBUG adding to x
DEBUG adding to x
DEBUG adding to x
DEBUG adding to x
DEBUG adding to x
DEBUG adding to x
DEBUG adding to x
DEBUG adding to x
DEBUG adding to x
DEBUG adding to x
DEBUG adding to x
DEBUG adding to x
DEBUG adding to x
DEBUG adding to x
DEBUG adding to x
DEBUG adding to x
DEBUG adding to x
DEBUG adding to x
DEBUG adding to x
DEBUG adding to x
DEBUG adding to x
DEBUG adding to x
DEBUG adding to x
DEBUG adding to x
DEBUG adding to x
DEBUG adding to x
DEBUG adding to x
DEBUG adding to x
DEBUG adding to x
DEBUG adding to x
DEBUG adding to x
DEBUG adding to x
DEBUG adding to x
DEBUG adding to x
DEBUG adding to x
DEBUG adding to x
DEBUG adding to x
DEBUG adding to x
DEBUG adding to x
DEBUG adding to x
DEBUG adding to x
DEBUG adding to x
DEBUG adding to x
DEBUG adding to x
DEBUG adding to x
DEBUG adding to x
DEBUG adding to x
DEBUG adding to x
DEBUG adding to x
DEBUG adding to x
DEBUG adding to x
DEBUG adding to x
DEBUG adding to x
DEBUG adding to x
DEBUG adding to x
DEBUG adding to x
DEBUG adding to x
DEBUG adding to x
DEBUG adding to x
DEBUG adding to x
DEBUG adding to x
DEBUG adding to x
DEBUG adding to x
DEBUG adding to x
DEBUG adding to x
DEBUG adding to x
DEBUG adding to x
DEBUG adding to x
DEBUG adding to x
DEBUG adding to x
DEBUG adding to x
DEBUG adding to x
DEBUG adding to x
DEBUG adding to x
DEBUG adding to x
DEBUG adding to x
DEBUG adding to x
DEBUG adding to x
DEBUG adding to x
DEBUG adding to x
DEBUG adding to x
DEBUG adding to x
DEBUG adding to x
DEBUG adding to x
DEBUG adding to x
DEBUG adding to x
DEBUG adding to x
DEBUG adding to x
DEBUG adding to x
DEBUG adding to x
DEBUG adding to x
DEBUG adding to x
DEBUG adding to x
DEBUG adding to x
DEBUG adding to x
DEBUG adding to x
DEBUG adding to 10
DEBUG adding to y
DEBUG adding to x
DEBUG adding to 100
DEBUG adding to x
DEBUG adding to x
DEBUG adding to x
DEBUG adding to x
DEBUG adding to x
DEBUG adding to x
DEBUG adding to x
DEBUG adding to x
DEBUG adding to x
ERROR in exception
DEBUG adding to x
ERROR in exception
ERROR false
ERROR false
DEBUG adding to 3
ERROR false
ERROR false
ERROR false
ERROR false
DEBUG adding to 1000000
ERROR false
DEBUG adding to x
ERROR in exception
ERROR false
ERROR false
ERROR false
ERROR false
ERROR false
ERROR false
DEBUG adding to 10000000
DEBUG adding to 10000000
DEBUG adding to 1000000000
DEBUG adding to x
ERROR in exception
ERROR false
DEBUG adding to x
ERROR in exception
ERROR false
ERROR false
ERROR false
ERROR false
ERROR false
ERROR false
ERROR false
ERROR false
ERROR false
ERROR false
ERROR false
ERROR false
ERROR false
ERROR false
ERROR false
ERROR false
ERROR false
ERROR false
ERROR false
ERROR false
DEBUG adding to x
ERROR in exception
DEBUG adding to x
ERROR in exception
DEBUG adding to x
ERROR in exception
DEBUG adding to x
ERROR in exception
DEBUG adding to x
ERROR in exception
DEBUG adding to x
ERROR in exception
DEBUG adding to x
ERROR in exception
DEBUG adding to x
ERROR in exception
DEBUG adding to x
ERROR in exception
DEBUG adding to x
ERROR in exception
DEBUG adding to x
ERROR in exception
DEBUG adding to x
ERROR in exception
DEBUG adding to x
ERROR in exception
DEBUG adding to x
ERROR in exception
DEBUG adding to x
ERROR in exception
DEBUG adding to x
ERROR in exception
DEBUG adding to x
ERROR in exception
DEBUG adding to x
ERROR in exception
DEBUG adding to x
ERROR in exception
DEBUG adding to x
ERROR in exception
DEBUG adding to x
ERROR in exception
DEBUG adding to x
ERROR in exception
DEBUG adding to x
ERROR in exception
DEBUG adding to x
ERROR in exception
DEBUG adding to x
ERROR in exception
DEBUG adding to x
ERROR in exception
DEBUG adding to x
ERROR in exception
DEBUG adding to x
ERROR in exception
DEBUG adding to x
ERROR in exception
DEBUG adding to x
ERROR in exception
DEBUG adding to x
ERROR in exception
DEBUG adding to x
ERROR in exception
DEBUG adding to x
ERROR in exception
DEBUG adding to x
ERROR in exception
DEBUG adding to x
ERROR in exception
DEBUG adding to x
ERROR in exception
DEBUG adding to x
ERROR in exception
DEBUG adding to x
ERROR in exception
DEBUG adding to x
ERROR in exception
DEBUG adding to x
ERROR in exception
DEBUG adding to 100
DEBUG adding to x
ERROR in exception
DEBUG adding to x
ERROR in exception
DEBUG adding to x
ERROR in exception
DEBUG adding to 100
DEBUG adding to x
ERROR in exception
DEBUG adding to x
ERROR in exception
DEBUG adding to x
ERROR in exception
DEBUG adding to 100
DEBUG adding to x
ERROR in exception
DEBUG adding to x
ERROR in exception
DEBUG adding to x
ERROR in exception
DEBUG adding to 100
DEBUG adding to x
ERROR in exception
DEBUG adding to x
ERROR in exception
DEBUG adding to x
ERROR in exception
DEBUG adding to 10000
DEBUG adding to x
ERROR in exception
DEBUG adding to x
ERROR in exception
DEBUG adding to x
ERROR in exception
DEBUG adding to 10000
DEBUG adding to x
ERROR in exception
DEBUG adding to x
ERROR in exception
DEBUG adding to x
ERROR in exception
DEBUG adding to 100
ERROR in exception
DEBUG adding to 100
ERROR in exception
DEBUG adding to 100
ERROR in exception
DEBUG adding to x
ERROR in exception
DEBUG adding to x
ERROR in exception
DEBUG adding to x
ERROR in exception
DEBUG adding to 100
ERROR in exception
DEBUG adding to 100
ERROR in exception
DEBUG adding to 100
ERROR in exception
DEBUG adding to x
ERROR in exception
DEBUG adding to x
ERROR in exception
DEBUG adding to x
ERROR in exception
DEBUG adding to 100
ERROR in exception
DEBUG adding to 10000
DEBUG adding to 100
ERROR in exception
DEBUG adding to 100
DEBUG adding to 10000
ERROR in exception
DEBUG adding to x
ERROR in exception
DEBUG adding to x
ERROR in exception
DEBUG adding to x
ERROR in exception
DEBUG adding to 100
DEBUG adding to 10000
INFO adding to x
ERROR in exception
INFO adding to x
ERROR in exception
INFO adding to x
ERROR in exception
INFO adding to x
ERROR in exception
INFO adding to x
ERROR in exception
INFO adding to 100
INFO adding to 10000
